<?xml version="1.0" encoding="UTF-8"?>
<testsuite xmlns:xsi="http://www.w3.org/2001/XMLSchema-instance" xsi:noNamespaceSchemaLocation="https://maven.apache.org/surefire/maven-surefire-plugin/xsd/surefire-test-report.xsd" name="com.mrp.app.AppApplicationTests" time="2.593" tests="1" errors="0" skipped="0" failures="0">
  <properties>
    <property name="sun.desktop" value="gnome"/>
    <property name="awt.toolkit" value="sun.awt.X11.XToolkit"/>
    <property name="java.specification.version" value="11"/>
    <property name="sun.cpu.isalist" value=""/>
    <property name="sun.jnu.encoding" value="UTF-8"/>
    <property name="java.class.path" value="/home/symartinez/MRP_BACK/target/test-classes:/home/symartinez/MRP_BACK/target/classes:/home/symartinez/.m2/repository/org/springframework/boot/spring-boot-starter-webflux/2.6.7/spring-boot-starter-webflux-2.6.7.jar:/home/symartinez/.m2/repository/org/springframework/boot/spring-boot-starter/2.6.7/spring-boot-starter-2.6.7.jar:/home/symartinez/.m2/repository/org/springframework/boot/spring-boot/2.6.7/spring-boot-2.6.7.jar:/home/symartinez/.m2/repository/org/springframework/boot/spring-boot-autoconfigure/2.6.7/spring-boot-autoconfigure-2.6.7.jar:/home/symartinez/.m2/repository/org/springframework/boot/spring-boot-starter-logging/2.6.7/spring-boot-starter-logging-2.6.7.jar:/home/symartinez/.m2/repository/ch/qos/logback/logback-classic/1.2.11/logback-classic-1.2.11.jar:/home/symartinez/.m2/repository/ch/qos/logback/logback-core/1.2.11/logback-core-1.2.11.jar:/home/symartinez/.m2/repository/org/apache/logging/log4j/log4j-to-slf4j/2.17.2/log4j-to-slf4j-2.17.2.jar:/home/symartinez/.m2/repository/org/apache/logging/log4j/log4j-api/2.17.2/log4j-api-2.17.2.jar:/home/symartinez/.m2/repository/org/slf4j/jul-to-slf4j/1.7.36/jul-to-slf4j-1.7.36.jar:/home/symartinez/.m2/repository/jakarta/annotation/jakarta.annotation-api/1.3.5/jakarta.annotation-api-1.3.5.jar:/home/symartinez/.m2/repository/org/yaml/snakeyaml/1.29/snakeyaml-1.29.jar:/home/symartinez/.m2/repository/org/springframework/boot/spring-boot-starter-json/2.6.7/spring-boot-starter-json-2.6.7.jar:/home/symartinez/.m2/repository/com/fasterxml/jackson/datatype/jackson-datatype-jdk8/2.13.2/jackson-datatype-jdk8-2.13.2.jar:/home/symartinez/.m2/repository/com/fasterxml/jackson/datatype/jackson-datatype-jsr310/2.13.2/jackson-datatype-jsr310-2.13.2.jar:/home/symartinez/.m2/repository/com/fasterxml/jackson/module/jackson-module-parameter-names/2.13.2/jackson-module-parameter-names-2.13.2.jar:/home/symartinez/.m2/repository/org/springframework/boot/spring-boot-starter-reactor-netty/2.6.7/spring-boot-starter-reactor-netty-2.6.7.jar:/home/symartinez/.m2/repository/io/projectreactor/netty/reactor-netty-http/1.0.18/reactor-netty-http-1.0.18.jar:/home/symartinez/.m2/repository/io/netty/netty-codec-http/4.1.76.Final/netty-codec-http-4.1.76.Final.jar:/home/symartinez/.m2/repository/io/netty/netty-common/4.1.76.Final/netty-common-4.1.76.Final.jar:/home/symartinez/.m2/repository/io/netty/netty-buffer/4.1.76.Final/netty-buffer-4.1.76.Final.jar:/home/symartinez/.m2/repository/io/netty/netty-transport/4.1.76.Final/netty-transport-4.1.76.Final.jar:/home/symartinez/.m2/repository/io/netty/netty-codec/4.1.76.Final/netty-codec-4.1.76.Final.jar:/home/symartinez/.m2/repository/io/netty/netty-handler/4.1.76.Final/netty-handler-4.1.76.Final.jar:/home/symartinez/.m2/repository/io/netty/netty-codec-http2/4.1.76.Final/netty-codec-http2-4.1.76.Final.jar:/home/symartinez/.m2/repository/io/netty/netty-resolver-dns/4.1.76.Final/netty-resolver-dns-4.1.76.Final.jar:/home/symartinez/.m2/repository/io/netty/netty-resolver/4.1.76.Final/netty-resolver-4.1.76.Final.jar:/home/symartinez/.m2/repository/io/netty/netty-codec-dns/4.1.76.Final/netty-codec-dns-4.1.76.Final.jar:/home/symartinez/.m2/repository/io/netty/netty-resolver-dns-native-macos/4.1.76.Final/netty-resolver-dns-native-macos-4.1.76.Final-osx-x86_64.jar:/home/symartinez/.m2/repository/io/netty/netty-resolver-dns-classes-macos/4.1.76.Final/netty-resolver-dns-classes-macos-4.1.76.Final.jar:/home/symartinez/.m2/repository/io/netty/netty-transport-native-epoll/4.1.76.Final/netty-transport-native-epoll-4.1.76.Final-linux-x86_64.jar:/home/symartinez/.m2/repository/io/netty/netty-transport-native-unix-common/4.1.76.Final/netty-transport-native-unix-common-4.1.76.Final.jar:/home/symartinez/.m2/repository/io/netty/netty-transport-classes-epoll/4.1.76.Final/netty-transport-classes-epoll-4.1.76.Final.jar:/home/symartinez/.m2/repository/io/projectreactor/netty/reactor-netty-core/1.0.18/reactor-netty-core-1.0.18.jar:/home/symartinez/.m2/repository/io/netty/netty-handler-proxy/4.1.76.Final/netty-handler-proxy-4.1.76.Final.jar:/home/symartinez/.m2/repository/io/netty/netty-codec-socks/4.1.76.Final/netty-codec-socks-4.1.76.Final.jar:/home/symartinez/.m2/repository/org/springframework/spring-web/5.3.19/spring-web-5.3.19.jar:/home/symartinez/.m2/repository/org/springframework/spring-beans/5.3.19/spring-beans-5.3.19.jar:/home/symartinez/.m2/repository/org/springframework/spring-webflux/5.3.19/spring-webflux-5.3.19.jar:/home/symartinez/.m2/repository/org/springframework/boot/spring-boot-starter-data-mongodb-reactive/2.6.7/spring-boot-starter-data-mongodb-reactive-2.6.7.jar:/home/symartinez/.m2/repository/io/projectreactor/reactor-core/3.4.17/reactor-core-3.4.17.jar:/home/symartinez/.m2/repository/org/reactivestreams/reactive-streams/1.0.3/reactive-streams-1.0.3.jar:/home/symartinez/.m2/repository/org/mongodb/mongodb-driver-reactivestreams/4.4.2/mongodb-driver-reactivestreams-4.4.2.jar:/home/symartinez/.m2/repository/org/mongodb/bson/4.4.2/bson-4.4.2.jar:/home/symartinez/.m2/repository/org/mongodb/mongodb-driver-core/4.4.2/mongodb-driver-core-4.4.2.jar:/home/symartinez/.m2/repository/org/springframework/data/spring-data-mongodb/3.3.4/spring-data-mongodb-3.3.4.jar:/home/symartinez/.m2/repository/org/springframework/spring-tx/5.3.19/spring-tx-5.3.19.jar:/home/symartinez/.m2/repository/org/springframework/spring-context/5.3.19/spring-context-5.3.19.jar:/home/symartinez/.m2/repository/org/springframework/spring-expression/5.3.19/spring-expression-5.3.19.jar:/home/symartinez/.m2/repository/org/springframework/data/spring-data-commons/2.6.4/spring-data-commons-2.6.4.jar:/home/symartinez/.m2/repository/org/springframework/boot/spring-boot-starter-data-mongodb/2.6.7/spring-boot-starter-data-mongodb-2.6.7.jar:/home/symartinez/.m2/repository/org/mongodb/mongodb-driver-sync/4.4.2/mongodb-driver-sync-4.4.2.jar:/home/symartinez/.m2/repository/io/springfox/springfox-swagger2/3.0.0/springfox-swagger2-3.0.0.jar:/home/symartinez/.m2/repository/io/springfox/springfox-spi/3.0.0/springfox-spi-3.0.0.jar:/home/symartinez/.m2/repository/io/springfox/springfox-core/3.0.0/springfox-core-3.0.0.jar:/home/symartinez/.m2/repository/io/springfox/springfox-schema/3.0.0/springfox-schema-3.0.0.jar:/home/symartinez/.m2/repository/io/springfox/springfox-spring-web/3.0.0/springfox-spring-web-3.0.0.jar:/home/symartinez/.m2/repository/io/github/classgraph/classgraph/4.8.83/classgraph-4.8.83.jar:/home/symartinez/.m2/repository/io/springfox/springfox-spring-webmvc/3.0.0/springfox-spring-webmvc-3.0.0.jar:/home/symartinez/.m2/repository/io/springfox/springfox-spring-webflux/3.0.0/springfox-spring-webflux-3.0.0.jar:/home/symartinez/.m2/repository/com/fasterxml/classmate/1.5.1/classmate-1.5.1.jar:/home/symartinez/.m2/repository/org/slf4j/slf4j-api/1.7.36/slf4j-api-1.7.36.jar:/home/symartinez/.m2/repository/org/springframework/plugin/spring-plugin-core/2.0.0.RELEASE/spring-plugin-core-2.0.0.RELEASE.jar:/home/symartinez/.m2/repository/org/springframework/spring-aop/5.3.19/spring-aop-5.3.19.jar:/home/symartinez/.m2/repository/org/springframework/plugin/spring-plugin-metadata/2.0.0.RELEASE/spring-plugin-metadata-2.0.0.RELEASE.jar:/home/symartinez/.m2/repository/io/swagger/swagger-annotations/1.5.20/swagger-annotations-1.5.20.jar:/home/symartinez/.m2/repository/io/swagger/swagger-models/1.5.20/swagger-models-1.5.20.jar:/home/symartinez/.m2/repository/com/fasterxml/jackson/core/jackson-annotations/2.13.2/jackson-annotations-2.13.2.jar:/home/symartinez/.m2/repository/org/mapstruct/mapstruct/1.3.1.Final/mapstruct-1.3.1.Final.jar:/home/symartinez/.m2/repository/io/springfox/springfox-swagger-common/3.0.0/springfox-swagger-common-3.0.0.jar:/home/symartinez/.m2/repository/io/swagger/core/v3/swagger-annotations/2.1.2/swagger-annotations-2.1.2.jar:/home/symartinez/.m2/repository/io/springfox/springfox-swagger-ui/3.0.0/springfox-swagger-ui-3.0.0.jar:/home/symartinez/.m2/repository/io/springfox/springfox-bean-validators/3.0.0/springfox-bean-validators-3.0.0.jar:/home/symartinez/.m2/repository/javax/validation/validation-api/1.1.0.Final/validation-api-1.1.0.Final.jar:/home/symartinez/.m2/repository/org/openapitools/jackson-databind-nullable/0.2.2/jackson-databind-nullable-0.2.2.jar:/home/symartinez/.m2/repository/com/fasterxml/jackson/core/jackson-databind/2.13.2.1/jackson-databind-2.13.2.1.jar:/home/symartinez/.m2/repository/com/fasterxml/jackson/core/jackson-core/2.13.2/jackson-core-2.13.2.jar:/home/symartinez/.m2/repository/org/projectlombok/lombok/1.18.24/lombok-1.18.24.jar:/home/symartinez/.m2/repository/junit/junit/4.13.2/junit-4.13.2.jar:/home/symartinez/.m2/repository/org/hamcrest/hamcrest-core/2.2/hamcrest-core-2.2.jar:/home/symartinez/.m2/repository/io/rest-assured/rest-assured/4.4.0/rest-assured-4.4.0.jar:/home/symartinez/.m2/repository/org/codehaus/groovy/groovy/3.0.10/groovy-3.0.10.jar:/home/symartinez/.m2/repository/org/codehaus/groovy/groovy-xml/3.0.10/groovy-xml-3.0.10.jar:/home/symartinez/.m2/repository/org/apache/httpcomponents/httpclient/4.5.13/httpclient-4.5.13.jar:/home/symartinez/.m2/repository/org/apache/httpcomponents/httpcore/4.4.15/httpcore-4.4.15.jar:/home/symartinez/.m2/repository/commons-codec/commons-codec/1.15/commons-codec-1.15.jar:/home/symartinez/.m2/repository/org/apache/httpcomponents/httpmime/4.5.13/httpmime-4.5.13.jar:/home/symartinez/.m2/repository/org/hamcrest/hamcrest/2.2/hamcrest-2.2.jar:/home/symartinez/.m2/repository/org/ccil/cowan/tagsoup/tagsoup/1.2.1/tagsoup-1.2.1.jar:/home/symartinez/.m2/repository/io/rest-assured/json-path/4.4.0/json-path-4.4.0.jar:/home/symartinez/.m2/repository/org/codehaus/groovy/groovy-json/3.0.10/groovy-json-3.0.10.jar:/home/symartinez/.m2/repository/io/rest-assured/rest-assured-common/4.4.0/rest-assured-common-4.4.0.jar:/home/symartinez/.m2/repository/io/rest-assured/xml-path/4.4.0/xml-path-4.4.0.jar:/home/symartinez/.m2/repository/com/sun/xml/bind/jaxb-impl/2.3.3/jaxb-impl-2.3.3.jar:/home/symartinez/.m2/repository/io/cucumber/cucumber-java/6.10.4/cucumber-java-6.10.4.jar:/home/symartinez/.m2/repository/io/cucumber/cucumber-core/6.10.4/cucumber-core-6.10.4.jar:/home/symartinez/.m2/repository/io/cucumber/cucumber-gherkin/6.10.4/cucumber-gherkin-6.10.4.jar:/home/symartinez/.m2/repository/io/cucumber/cucumber-gherkin-messages/6.10.4/cucumber-gherkin-messages-6.10.4.jar:/home/symartinez/.m2/repository/io/cucumber/messages/15.0.0/messages-15.0.0.jar:/home/symartinez/.m2/repository/io/cucumber/tag-expressions/3.0.1/tag-expressions-3.0.1.jar:/home/symartinez/.m2/repository/io/cucumber/cucumber-expressions/10.3.0/cucumber-expressions-10.3.0.jar:/home/symartinez/.m2/repository/io/cucumber/datatable/3.5.0/datatable-3.5.0.jar:/home/symartinez/.m2/repository/io/cucumber/cucumber-plugin/6.10.4/cucumber-plugin-6.10.4.jar:/home/symartinez/.m2/repository/io/cucumber/docstring/6.10.4/docstring-6.10.4.jar:/home/symartinez/.m2/repository/io/cucumber/html-formatter/13.0.0/html-formatter-13.0.0.jar:/home/symartinez/.m2/repository/io/cucumber/create-meta/4.0.0/create-meta-4.0.0.jar:/home/symartinez/.m2/repository/org/apiguardian/apiguardian-api/1.1.1/apiguardian-api-1.1.1.jar:/home/symartinez/.m2/repository/io/cucumber/cucumber-junit/6.10.4/cucumber-junit-6.10.4.jar:/home/symartinez/.m2/repository/io/cucumber/cucumber-spring/6.10.4/cucumber-spring-6.10.4.jar:/home/symartinez/.m2/repository/org/springframework/boot/spring-boot-starter-test/2.6.7/spring-boot-starter-test-2.6.7.jar:/home/symartinez/.m2/repository/org/springframework/boot/spring-boot-test/2.6.7/spring-boot-test-2.6.7.jar:/home/symartinez/.m2/repository/org/springframework/boot/spring-boot-test-autoconfigure/2.6.7/spring-boot-test-autoconfigure-2.6.7.jar:/home/symartinez/.m2/repository/com/jayway/jsonpath/json-path/2.6.0/json-path-2.6.0.jar:/home/symartinez/.m2/repository/net/minidev/json-smart/2.4.8/json-smart-2.4.8.jar:/home/symartinez/.m2/repository/net/minidev/accessors-smart/2.4.8/accessors-smart-2.4.8.jar:/home/symartinez/.m2/repository/org/ow2/asm/asm/9.1/asm-9.1.jar:/home/symartinez/.m2/repository/jakarta/xml/bind/jakarta.xml.bind-api/2.3.3/jakarta.xml.bind-api-2.3.3.jar:/home/symartinez/.m2/repository/jakarta/activation/jakarta.activation-api/1.2.2/jakarta.activation-api-1.2.2.jar:/home/symartinez/.m2/repository/org/assertj/assertj-core/3.21.0/assertj-core-3.21.0.jar:/home/symartinez/.m2/repository/org/junit/jupiter/junit-jupiter/5.8.2/junit-jupiter-5.8.2.jar:/home/symartinez/.m2/repository/org/junit/jupiter/junit-jupiter-api/5.8.2/junit-jupiter-api-5.8.2.jar:/home/symartinez/.m2/repository/org/opentest4j/opentest4j/1.2.0/opentest4j-1.2.0.jar:/home/symartinez/.m2/repository/org/junit/platform/junit-platform-commons/1.8.2/junit-platform-commons-1.8.2.jar:/home/symartinez/.m2/repository/org/junit/jupiter/junit-jupiter-params/5.8.2/junit-jupiter-params-5.8.2.jar:/home/symartinez/.m2/repository/org/junit/jupiter/junit-jupiter-engine/5.8.2/junit-jupiter-engine-5.8.2.jar:/home/symartinez/.m2/repository/org/junit/platform/junit-platform-engine/1.8.2/junit-platform-engine-1.8.2.jar:/home/symartinez/.m2/repository/org/mockito/mockito-core/4.0.0/mockito-core-4.0.0.jar:/home/symartinez/.m2/repository/net/bytebuddy/byte-buddy/1.11.22/byte-buddy-1.11.22.jar:/home/symartinez/.m2/repository/net/bytebuddy/byte-buddy-agent/1.11.22/byte-buddy-agent-1.11.22.jar:/home/symartinez/.m2/repository/org/objenesis/objenesis/3.2/objenesis-3.2.jar:/home/symartinez/.m2/repository/org/mockito/mockito-junit-jupiter/4.0.0/mockito-junit-jupiter-4.0.0.jar:/home/symartinez/.m2/repository/org/skyscreamer/jsonassert/1.5.0/jsonassert-1.5.0.jar:/home/symartinez/.m2/repository/com/vaadin/external/google/android-json/0.0.20131108.vaadin1/android-json-0.0.20131108.vaadin1.jar:/home/symartinez/.m2/repository/org/springframework/spring-core/5.3.19/spring-core-5.3.19.jar:/home/symartinez/.m2/repository/org/springframework/spring-jcl/5.3.19/spring-jcl-5.3.19.jar:/home/symartinez/.m2/repository/org/springframework/spring-test/5.3.19/spring-test-5.3.19.jar:/home/symartinez/.m2/repository/org/xmlunit/xmlunit-core/2.8.4/xmlunit-core-2.8.4.jar:/home/symartinez/.m2/repository/io/projectreactor/reactor-test/3.4.17/reactor-test-3.4.17.jar:/home/symartinez/.m2/repository/org/modelmapper/modelmapper/2.4.5/modelmapper-2.4.5.jar:/home/symartinez/.m2/repository/net/sf/dozer/dozer/5.5.1/dozer-5.5.1.jar:/home/symartinez/.m2/repository/commons-beanutils/commons-beanutils/1.9.1/commons-beanutils-1.9.1.jar:/home/symartinez/.m2/repository/commons-collections/commons-collections/3.2.1/commons-collections-3.2.1.jar:/home/symartinez/.m2/repository/org/apache/commons/commons-lang3/3.12.0/commons-lang3-3.12.0.jar:/home/symartinez/.m2/repository/org/slf4j/jcl-over-slf4j/1.7.36/jcl-over-slf4j-1.7.36.jar:"/>
    <property name="java.vm.vendor" value="Amazon.com Inc."/>
    <property name="sun.arch.data.model" value="64"/>
    <property name="java.vendor.url" value="https://aws.amazon.com/corretto/"/>
    <property name="user.timezone" value=""/>
    <property name="java.vm.specification.version" value="11"/>
    <property name="os.name" value="Linux"/>
    <property name="sun.java.launcher" value="SUN_STANDARD"/>
    <property name="user.country" value="US"/>
    <property name="sun.boot.library.path" value="/home/symartinez/.jdks/corretto-11.0.15/lib"/>
    <property name="sun.java.command" value="/home/symartinez/MRP_BACK/target/surefire/surefirebooter8718547287459072044.jar /home/symartinez/MRP_BACK/target/surefire 2022-05-07T23-29-11_753-jvmRun1 surefire11756462682722216344tmp surefire_016404030003175085251tmp"/>
    <property name="jdk.debug" value="release"/>
    <property name="surefire.test.class.path" value="/home/symartinez/MRP_BACK/target/test-classes:/home/symartinez/MRP_BACK/target/classes:/home/symartinez/.m2/repository/org/springframework/boot/spring-boot-starter-webflux/2.6.7/spring-boot-starter-webflux-2.6.7.jar:/home/symartinez/.m2/repository/org/springframework/boot/spring-boot-starter/2.6.7/spring-boot-starter-2.6.7.jar:/home/symartinez/.m2/repository/org/springframework/boot/spring-boot/2.6.7/spring-boot-2.6.7.jar:/home/symartinez/.m2/repository/org/springframework/boot/spring-boot-autoconfigure/2.6.7/spring-boot-autoconfigure-2.6.7.jar:/home/symartinez/.m2/repository/org/springframework/boot/spring-boot-starter-logging/2.6.7/spring-boot-starter-logging-2.6.7.jar:/home/symartinez/.m2/repository/ch/qos/logback/logback-classic/1.2.11/logback-classic-1.2.11.jar:/home/symartinez/.m2/repository/ch/qos/logback/logback-core/1.2.11/logback-core-1.2.11.jar:/home/symartinez/.m2/repository/org/apache/logging/log4j/log4j-to-slf4j/2.17.2/log4j-to-slf4j-2.17.2.jar:/home/symartinez/.m2/repository/org/apache/logging/log4j/log4j-api/2.17.2/log4j-api-2.17.2.jar:/home/symartinez/.m2/repository/org/slf4j/jul-to-slf4j/1.7.36/jul-to-slf4j-1.7.36.jar:/home/symartinez/.m2/repository/jakarta/annotation/jakarta.annotation-api/1.3.5/jakarta.annotation-api-1.3.5.jar:/home/symartinez/.m2/repository/org/yaml/snakeyaml/1.29/snakeyaml-1.29.jar:/home/symartinez/.m2/repository/org/springframework/boot/spring-boot-starter-json/2.6.7/spring-boot-starter-json-2.6.7.jar:/home/symartinez/.m2/repository/com/fasterxml/jackson/datatype/jackson-datatype-jdk8/2.13.2/jackson-datatype-jdk8-2.13.2.jar:/home/symartinez/.m2/repository/com/fasterxml/jackson/datatype/jackson-datatype-jsr310/2.13.2/jackson-datatype-jsr310-2.13.2.jar:/home/symartinez/.m2/repository/com/fasterxml/jackson/module/jackson-module-parameter-names/2.13.2/jackson-module-parameter-names-2.13.2.jar:/home/symartinez/.m2/repository/org/springframework/boot/spring-boot-starter-reactor-netty/2.6.7/spring-boot-starter-reactor-netty-2.6.7.jar:/home/symartinez/.m2/repository/io/projectreactor/netty/reactor-netty-http/1.0.18/reactor-netty-http-1.0.18.jar:/home/symartinez/.m2/repository/io/netty/netty-codec-http/4.1.76.Final/netty-codec-http-4.1.76.Final.jar:/home/symartinez/.m2/repository/io/netty/netty-common/4.1.76.Final/netty-common-4.1.76.Final.jar:/home/symartinez/.m2/repository/io/netty/netty-buffer/4.1.76.Final/netty-buffer-4.1.76.Final.jar:/home/symartinez/.m2/repository/io/netty/netty-transport/4.1.76.Final/netty-transport-4.1.76.Final.jar:/home/symartinez/.m2/repository/io/netty/netty-codec/4.1.76.Final/netty-codec-4.1.76.Final.jar:/home/symartinez/.m2/repository/io/netty/netty-handler/4.1.76.Final/netty-handler-4.1.76.Final.jar:/home/symartinez/.m2/repository/io/netty/netty-codec-http2/4.1.76.Final/netty-codec-http2-4.1.76.Final.jar:/home/symartinez/.m2/repository/io/netty/netty-resolver-dns/4.1.76.Final/netty-resolver-dns-4.1.76.Final.jar:/home/symartinez/.m2/repository/io/netty/netty-resolver/4.1.76.Final/netty-resolver-4.1.76.Final.jar:/home/symartinez/.m2/repository/io/netty/netty-codec-dns/4.1.76.Final/netty-codec-dns-4.1.76.Final.jar:/home/symartinez/.m2/repository/io/netty/netty-resolver-dns-native-macos/4.1.76.Final/netty-resolver-dns-native-macos-4.1.76.Final-osx-x86_64.jar:/home/symartinez/.m2/repository/io/netty/netty-resolver-dns-classes-macos/4.1.76.Final/netty-resolver-dns-classes-macos-4.1.76.Final.jar:/home/symartinez/.m2/repository/io/netty/netty-transport-native-epoll/4.1.76.Final/netty-transport-native-epoll-4.1.76.Final-linux-x86_64.jar:/home/symartinez/.m2/repository/io/netty/netty-transport-native-unix-common/4.1.76.Final/netty-transport-native-unix-common-4.1.76.Final.jar:/home/symartinez/.m2/repository/io/netty/netty-transport-classes-epoll/4.1.76.Final/netty-transport-classes-epoll-4.1.76.Final.jar:/home/symartinez/.m2/repository/io/projectreactor/netty/reactor-netty-core/1.0.18/reactor-netty-core-1.0.18.jar:/home/symartinez/.m2/repository/io/netty/netty-handler-proxy/4.1.76.Final/netty-handler-proxy-4.1.76.Final.jar:/home/symartinez/.m2/repository/io/netty/netty-codec-socks/4.1.76.Final/netty-codec-socks-4.1.76.Final.jar:/home/symartinez/.m2/repository/org/springframework/spring-web/5.3.19/spring-web-5.3.19.jar:/home/symartinez/.m2/repository/org/springframework/spring-beans/5.3.19/spring-beans-5.3.19.jar:/home/symartinez/.m2/repository/org/springframework/spring-webflux/5.3.19/spring-webflux-5.3.19.jar:/home/symartinez/.m2/repository/org/springframework/boot/spring-boot-starter-data-mongodb-reactive/2.6.7/spring-boot-starter-data-mongodb-reactive-2.6.7.jar:/home/symartinez/.m2/repository/io/projectreactor/reactor-core/3.4.17/reactor-core-3.4.17.jar:/home/symartinez/.m2/repository/org/reactivestreams/reactive-streams/1.0.3/reactive-streams-1.0.3.jar:/home/symartinez/.m2/repository/org/mongodb/mongodb-driver-reactivestreams/4.4.2/mongodb-driver-reactivestreams-4.4.2.jar:/home/symartinez/.m2/repository/org/mongodb/bson/4.4.2/bson-4.4.2.jar:/home/symartinez/.m2/repository/org/mongodb/mongodb-driver-core/4.4.2/mongodb-driver-core-4.4.2.jar:/home/symartinez/.m2/repository/org/springframework/data/spring-data-mongodb/3.3.4/spring-data-mongodb-3.3.4.jar:/home/symartinez/.m2/repository/org/springframework/spring-tx/5.3.19/spring-tx-5.3.19.jar:/home/symartinez/.m2/repository/org/springframework/spring-context/5.3.19/spring-context-5.3.19.jar:/home/symartinez/.m2/repository/org/springframework/spring-expression/5.3.19/spring-expression-5.3.19.jar:/home/symartinez/.m2/repository/org/springframework/data/spring-data-commons/2.6.4/spring-data-commons-2.6.4.jar:/home/symartinez/.m2/repository/org/springframework/boot/spring-boot-starter-data-mongodb/2.6.7/spring-boot-starter-data-mongodb-2.6.7.jar:/home/symartinez/.m2/repository/org/mongodb/mongodb-driver-sync/4.4.2/mongodb-driver-sync-4.4.2.jar:/home/symartinez/.m2/repository/io/springfox/springfox-swagger2/3.0.0/springfox-swagger2-3.0.0.jar:/home/symartinez/.m2/repository/io/springfox/springfox-spi/3.0.0/springfox-spi-3.0.0.jar:/home/symartinez/.m2/repository/io/springfox/springfox-core/3.0.0/springfox-core-3.0.0.jar:/home/symartinez/.m2/repository/io/springfox/springfox-schema/3.0.0/springfox-schema-3.0.0.jar:/home/symartinez/.m2/repository/io/springfox/springfox-spring-web/3.0.0/springfox-spring-web-3.0.0.jar:/home/symartinez/.m2/repository/io/github/classgraph/classgraph/4.8.83/classgraph-4.8.83.jar:/home/symartinez/.m2/repository/io/springfox/springfox-spring-webmvc/3.0.0/springfox-spring-webmvc-3.0.0.jar:/home/symartinez/.m2/repository/io/springfox/springfox-spring-webflux/3.0.0/springfox-spring-webflux-3.0.0.jar:/home/symartinez/.m2/repository/com/fasterxml/classmate/1.5.1/classmate-1.5.1.jar:/home/symartinez/.m2/repository/org/slf4j/slf4j-api/1.7.36/slf4j-api-1.7.36.jar:/home/symartinez/.m2/repository/org/springframework/plugin/spring-plugin-core/2.0.0.RELEASE/spring-plugin-core-2.0.0.RELEASE.jar:/home/symartinez/.m2/repository/org/springframework/spring-aop/5.3.19/spring-aop-5.3.19.jar:/home/symartinez/.m2/repository/org/springframework/plugin/spring-plugin-metadata/2.0.0.RELEASE/spring-plugin-metadata-2.0.0.RELEASE.jar:/home/symartinez/.m2/repository/io/swagger/swagger-annotations/1.5.20/swagger-annotations-1.5.20.jar:/home/symartinez/.m2/repository/io/swagger/swagger-models/1.5.20/swagger-models-1.5.20.jar:/home/symartinez/.m2/repository/com/fasterxml/jackson/core/jackson-annotations/2.13.2/jackson-annotations-2.13.2.jar:/home/symartinez/.m2/repository/org/mapstruct/mapstruct/1.3.1.Final/mapstruct-1.3.1.Final.jar:/home/symartinez/.m2/repository/io/springfox/springfox-swagger-common/3.0.0/springfox-swagger-common-3.0.0.jar:/home/symartinez/.m2/repository/io/swagger/core/v3/swagger-annotations/2.1.2/swagger-annotations-2.1.2.jar:/home/symartinez/.m2/repository/io/springfox/springfox-swagger-ui/3.0.0/springfox-swagger-ui-3.0.0.jar:/home/symartinez/.m2/repository/io/springfox/springfox-bean-validators/3.0.0/springfox-bean-validators-3.0.0.jar:/home/symartinez/.m2/repository/javax/validation/validation-api/1.1.0.Final/validation-api-1.1.0.Final.jar:/home/symartinez/.m2/repository/org/openapitools/jackson-databind-nullable/0.2.2/jackson-databind-nullable-0.2.2.jar:/home/symartinez/.m2/repository/com/fasterxml/jackson/core/jackson-databind/2.13.2.1/jackson-databind-2.13.2.1.jar:/home/symartinez/.m2/repository/com/fasterxml/jackson/core/jackson-core/2.13.2/jackson-core-2.13.2.jar:/home/symartinez/.m2/repository/org/projectlombok/lombok/1.18.24/lombok-1.18.24.jar:/home/symartinez/.m2/repository/junit/junit/4.13.2/junit-4.13.2.jar:/home/symartinez/.m2/repository/org/hamcrest/hamcrest-core/2.2/hamcrest-core-2.2.jar:/home/symartinez/.m2/repository/io/rest-assured/rest-assured/4.4.0/rest-assured-4.4.0.jar:/home/symartinez/.m2/repository/org/codehaus/groovy/groovy/3.0.10/groovy-3.0.10.jar:/home/symartinez/.m2/repository/org/codehaus/groovy/groovy-xml/3.0.10/groovy-xml-3.0.10.jar:/home/symartinez/.m2/repository/org/apache/httpcomponents/httpclient/4.5.13/httpclient-4.5.13.jar:/home/symartinez/.m2/repository/org/apache/httpcomponents/httpcore/4.4.15/httpcore-4.4.15.jar:/home/symartinez/.m2/repository/commons-codec/commons-codec/1.15/commons-codec-1.15.jar:/home/symartinez/.m2/repository/org/apache/httpcomponents/httpmime/4.5.13/httpmime-4.5.13.jar:/home/symartinez/.m2/repository/org/hamcrest/hamcrest/2.2/hamcrest-2.2.jar:/home/symartinez/.m2/repository/org/ccil/cowan/tagsoup/tagsoup/1.2.1/tagsoup-1.2.1.jar:/home/symartinez/.m2/repository/io/rest-assured/json-path/4.4.0/json-path-4.4.0.jar:/home/symartinez/.m2/repository/org/codehaus/groovy/groovy-json/3.0.10/groovy-json-3.0.10.jar:/home/symartinez/.m2/repository/io/rest-assured/rest-assured-common/4.4.0/rest-assured-common-4.4.0.jar:/home/symartinez/.m2/repository/io/rest-assured/xml-path/4.4.0/xml-path-4.4.0.jar:/home/symartinez/.m2/repository/com/sun/xml/bind/jaxb-impl/2.3.3/jaxb-impl-2.3.3.jar:/home/symartinez/.m2/repository/io/cucumber/cucumber-java/6.10.4/cucumber-java-6.10.4.jar:/home/symartinez/.m2/repository/io/cucumber/cucumber-core/6.10.4/cucumber-core-6.10.4.jar:/home/symartinez/.m2/repository/io/cucumber/cucumber-gherkin/6.10.4/cucumber-gherkin-6.10.4.jar:/home/symartinez/.m2/repository/io/cucumber/cucumber-gherkin-messages/6.10.4/cucumber-gherkin-messages-6.10.4.jar:/home/symartinez/.m2/repository/io/cucumber/messages/15.0.0/messages-15.0.0.jar:/home/symartinez/.m2/repository/io/cucumber/tag-expressions/3.0.1/tag-expressions-3.0.1.jar:/home/symartinez/.m2/repository/io/cucumber/cucumber-expressions/10.3.0/cucumber-expressions-10.3.0.jar:/home/symartinez/.m2/repository/io/cucumber/datatable/3.5.0/datatable-3.5.0.jar:/home/symartinez/.m2/repository/io/cucumber/cucumber-plugin/6.10.4/cucumber-plugin-6.10.4.jar:/home/symartinez/.m2/repository/io/cucumber/docstring/6.10.4/docstring-6.10.4.jar:/home/symartinez/.m2/repository/io/cucumber/html-formatter/13.0.0/html-formatter-13.0.0.jar:/home/symartinez/.m2/repository/io/cucumber/create-meta/4.0.0/create-meta-4.0.0.jar:/home/symartinez/.m2/repository/org/apiguardian/apiguardian-api/1.1.1/apiguardian-api-1.1.1.jar:/home/symartinez/.m2/repository/io/cucumber/cucumber-junit/6.10.4/cucumber-junit-6.10.4.jar:/home/symartinez/.m2/repository/io/cucumber/cucumber-spring/6.10.4/cucumber-spring-6.10.4.jar:/home/symartinez/.m2/repository/org/springframework/boot/spring-boot-starter-test/2.6.7/spring-boot-starter-test-2.6.7.jar:/home/symartinez/.m2/repository/org/springframework/boot/spring-boot-test/2.6.7/spring-boot-test-2.6.7.jar:/home/symartinez/.m2/repository/org/springframework/boot/spring-boot-test-autoconfigure/2.6.7/spring-boot-test-autoconfigure-2.6.7.jar:/home/symartinez/.m2/repository/com/jayway/jsonpath/json-path/2.6.0/json-path-2.6.0.jar:/home/symartinez/.m2/repository/net/minidev/json-smart/2.4.8/json-smart-2.4.8.jar:/home/symartinez/.m2/repository/net/minidev/accessors-smart/2.4.8/accessors-smart-2.4.8.jar:/home/symartinez/.m2/repository/org/ow2/asm/asm/9.1/asm-9.1.jar:/home/symartinez/.m2/repository/jakarta/xml/bind/jakarta.xml.bind-api/2.3.3/jakarta.xml.bind-api-2.3.3.jar:/home/symartinez/.m2/repository/jakarta/activation/jakarta.activation-api/1.2.2/jakarta.activation-api-1.2.2.jar:/home/symartinez/.m2/repository/org/assertj/assertj-core/3.21.0/assertj-core-3.21.0.jar:/home/symartinez/.m2/repository/org/junit/jupiter/junit-jupiter/5.8.2/junit-jupiter-5.8.2.jar:/home/symartinez/.m2/repository/org/junit/jupiter/junit-jupiter-api/5.8.2/junit-jupiter-api-5.8.2.jar:/home/symartinez/.m2/repository/org/opentest4j/opentest4j/1.2.0/opentest4j-1.2.0.jar:/home/symartinez/.m2/repository/org/junit/platform/junit-platform-commons/1.8.2/junit-platform-commons-1.8.2.jar:/home/symartinez/.m2/repository/org/junit/jupiter/junit-jupiter-params/5.8.2/junit-jupiter-params-5.8.2.jar:/home/symartinez/.m2/repository/org/junit/jupiter/junit-jupiter-engine/5.8.2/junit-jupiter-engine-5.8.2.jar:/home/symartinez/.m2/repository/org/junit/platform/junit-platform-engine/1.8.2/junit-platform-engine-1.8.2.jar:/home/symartinez/.m2/repository/org/mockito/mockito-core/4.0.0/mockito-core-4.0.0.jar:/home/symartinez/.m2/repository/net/bytebuddy/byte-buddy/1.11.22/byte-buddy-1.11.22.jar:/home/symartinez/.m2/repository/net/bytebuddy/byte-buddy-agent/1.11.22/byte-buddy-agent-1.11.22.jar:/home/symartinez/.m2/repository/org/objenesis/objenesis/3.2/objenesis-3.2.jar:/home/symartinez/.m2/repository/org/mockito/mockito-junit-jupiter/4.0.0/mockito-junit-jupiter-4.0.0.jar:/home/symartinez/.m2/repository/org/skyscreamer/jsonassert/1.5.0/jsonassert-1.5.0.jar:/home/symartinez/.m2/repository/com/vaadin/external/google/android-json/0.0.20131108.vaadin1/android-json-0.0.20131108.vaadin1.jar:/home/symartinez/.m2/repository/org/springframework/spring-core/5.3.19/spring-core-5.3.19.jar:/home/symartinez/.m2/repository/org/springframework/spring-jcl/5.3.19/spring-jcl-5.3.19.jar:/home/symartinez/.m2/repository/org/springframework/spring-test/5.3.19/spring-test-5.3.19.jar:/home/symartinez/.m2/repository/org/xmlunit/xmlunit-core/2.8.4/xmlunit-core-2.8.4.jar:/home/symartinez/.m2/repository/io/projectreactor/reactor-test/3.4.17/reactor-test-3.4.17.jar:/home/symartinez/.m2/repository/org/modelmapper/modelmapper/2.4.5/modelmapper-2.4.5.jar:/home/symartinez/.m2/repository/net/sf/dozer/dozer/5.5.1/dozer-5.5.1.jar:/home/symartinez/.m2/repository/commons-beanutils/commons-beanutils/1.9.1/commons-beanutils-1.9.1.jar:/home/symartinez/.m2/repository/commons-collections/commons-collections/3.2.1/commons-collections-3.2.1.jar:/home/symartinez/.m2/repository/org/apache/commons/commons-lang3/3.12.0/commons-lang3-3.12.0.jar:/home/symartinez/.m2/repository/org/slf4j/jcl-over-slf4j/1.7.36/jcl-over-slf4j-1.7.36.jar:"/>
    <property name="sun.cpu.endian" value="little"/>
    <property name="user.home" value="/home/symartinez"/>
    <property name="user.language" value="en"/>
    <property name="java.specification.vendor" value="Oracle Corporation"/>
    <property name="java.version.date" value="2022-04-19"/>
    <property name="java.home" value="/home/symartinez/.jdks/corretto-11.0.15"/>
    <property name="file.separator" value="/"/>
    <property name="basedir" value="/home/symartinez/MRP_BACK"/>
    <property name="java.vm.compressedOopsMode" value="Zero based"/>
    <property name="line.separator" value="&#10;"/>
    <property name="java.specification.name" value="Java Platform API Specification"/>
    <property name="java.vm.specification.vendor" value="Oracle Corporation"/>
    <property name="java.awt.graphicsenv" value="sun.awt.X11GraphicsEnvironment"/>
    <property name="surefire.real.class.path" value="/home/symartinez/MRP_BACK/target/surefire/surefirebooter8718547287459072044.jar"/>
    <property name="sun.management.compiler" value="HotSpot 64-Bit Tiered Compilers"/>
    <property name="java.runtime.version" value="11.0.15+9-LTS"/>
    <property name="user.name" value="symartinez"/>
    <property name="path.separator" value=":"/>
    <property name="os.version" value="5.4.0-109-generic"/>
    <property name="java.runtime.name" value="OpenJDK Runtime Environment"/>
    <property name="file.encoding" value="UTF-8"/>
    <property name="java.vm.name" value="OpenJDK 64-Bit Server VM"/>
    <property name="java.vendor.version" value="Corretto-11.0.15.9.1"/>
    <property name="localRepository" value="/home/symartinez/.m2/repository"/>
    <property name="java.vendor.url.bug" value="https://github.com/corretto/corretto-11/issues/"/>
    <property name="java.io.tmpdir" value="/tmp"/>
    <property name="idea.version" value="2022.1"/>
    <property name="java.version" value="11.0.15"/>
    <property name="user.dir" value="/home/symartinez/MRP_BACK"/>
    <property name="os.arch" value="amd64"/>
    <property name="java.vm.specification.name" value="Java Virtual Machine Specification"/>
    <property name="java.awt.printerjob" value="sun.print.PSPrinterJob"/>
    <property name="sun.os.patch.level" value="unknown"/>
    <property name="java.library.path" value="/usr/java/packages/lib:/usr/lib64:/lib64:/lib:/usr/lib"/>
    <property name="java.vm.info" value="mixed mode"/>
    <property name="java.vendor" value="Amazon.com Inc."/>
    <property name="java.vm.version" value="11.0.15+9-LTS"/>
    <property name="sun.io.unicode.encoding" value="UnicodeLittle"/>
    <property name="java.class.version" value="55.0"/>
  </properties>
  <testcase name="contextLoads" classname="com.mrp.app.AppApplicationTests" time="0.267"/>
</testsuite>